2021/08/19 01:42:12 [error] [php] Undefined variable: otro (C:\xampp\htdocs\tutorial-yii\protected\views\site\index.php:8)
Stack trace:
#0 C:\xampp\htdocs\yii\framework\web\CController.php(869): SiteController->renderFile()
#1 C:\xampp\htdocs\yii\framework\web\CController.php(782): SiteController->renderPartial()
#2 C:\xampp\htdocs\tutorial-yii\protected\controllers\SiteController.php(32): SiteController->render()
#3 C:\xampp\htdocs\yii\framework\web\actions\CInlineAction.php(49): SiteController->actionIndex()
#4 C:\xampp\htdocs\yii\framework\web\CController.php(308): CInlineAction->runWithParams()
#5 C:\xampp\htdocs\yii\framework\web\CController.php(286): SiteController->runAction()
#6 C:\xampp\htdocs\yii\framework\web\CController.php(265): SiteController->runActionWithFilters()
#7 C:\xampp\htdocs\yii\framework\web\CWebApplication.php(282): SiteController->run()
#8 C:\xampp\htdocs\yii\framework\web\CWebApplication.php(141): CWebApplication->runController()
#9 C:\xampp\htdocs\yii\framework\base\CApplication.php(185): CWebApplication->processRequest()
#10 C:\xampp\htdocs\tutorial-yii\index.php(13): CWebApplication->run()
REQUEST_URI=/tutorial-yii/index.php?r=site/index
in C:\xampp\htdocs\tutorial-yii\protected\views\site\index.php (8)
in C:\xampp\htdocs\tutorial-yii\protected\controllers\SiteController.php (32)
in C:\xampp\htdocs\tutorial-yii\index.php (13)
2021/08/19 01:43:17 [error] [php] Undefined variable: otro (C:\xampp\htdocs\tutorial-yii\protected\views\site\index.php:9)
Stack trace:
#0 C:\xampp\htdocs\yii\framework\web\CController.php(869): SiteController->renderFile()
#1 C:\xampp\htdocs\yii\framework\web\CController.php(782): SiteController->renderPartial()
#2 C:\xampp\htdocs\tutorial-yii\protected\controllers\SiteController.php(32): SiteController->render()
#3 C:\xampp\htdocs\yii\framework\web\actions\CInlineAction.php(49): SiteController->actionIndex()
#4 C:\xampp\htdocs\yii\framework\web\CController.php(308): CInlineAction->runWithParams()
#5 C:\xampp\htdocs\yii\framework\web\CController.php(286): SiteController->runAction()
#6 C:\xampp\htdocs\yii\framework\web\CController.php(265): SiteController->runActionWithFilters()
#7 C:\xampp\htdocs\yii\framework\web\CWebApplication.php(282): SiteController->run()
#8 C:\xampp\htdocs\yii\framework\web\CWebApplication.php(141): CWebApplication->runController()
#9 C:\xampp\htdocs\yii\framework\base\CApplication.php(185): CWebApplication->processRequest()
#10 C:\xampp\htdocs\tutorial-yii\index.php(13): CWebApplication->run()
REQUEST_URI=/tutorial-yii/index.php?r=site/index
in C:\xampp\htdocs\tutorial-yii\protected\views\site\index.php (9)
in C:\xampp\htdocs\tutorial-yii\protected\controllers\SiteController.php (32)
in C:\xampp\htdocs\tutorial-yii\index.php (13)
2021/08/19 01:44:03 [error] [php] Undefined variable: otro (C:\xampp\htdocs\tutorial-yii\protected\views\site\index.php:9)
Stack trace:
#0 C:\xampp\htdocs\yii\framework\web\CController.php(869): SiteController->renderFile()
#1 C:\xampp\htdocs\yii\framework\web\CController.php(782): SiteController->renderPartial()
#2 C:\xampp\htdocs\tutorial-yii\protected\controllers\SiteController.php(32): SiteController->render()
#3 C:\xampp\htdocs\yii\framework\web\actions\CInlineAction.php(49): SiteController->actionIndex()
#4 C:\xampp\htdocs\yii\framework\web\CController.php(308): CInlineAction->runWithParams()
#5 C:\xampp\htdocs\yii\framework\web\CController.php(286): SiteController->runAction()
#6 C:\xampp\htdocs\yii\framework\web\CController.php(265): SiteController->runActionWithFilters()
#7 C:\xampp\htdocs\yii\framework\web\CWebApplication.php(282): SiteController->run()
#8 C:\xampp\htdocs\yii\framework\web\CWebApplication.php(141): CWebApplication->runController()
#9 C:\xampp\htdocs\yii\framework\base\CApplication.php(185): CWebApplication->processRequest()
#10 C:\xampp\htdocs\tutorial-yii\index.php(13): CWebApplication->run()
REQUEST_URI=/tutorial-yii/index.php?r=site/index
in C:\xampp\htdocs\tutorial-yii\protected\views\site\index.php (9)
in C:\xampp\htdocs\tutorial-yii\protected\controllers\SiteController.php (32)
in C:\xampp\htdocs\tutorial-yii\index.php (13)
2021/08/19 01:44:05 [error] [php] Undefined variable: otro (C:\xampp\htdocs\tutorial-yii\protected\views\site\index.php:9)
Stack trace:
#0 C:\xampp\htdocs\yii\framework\web\CController.php(869): SiteController->renderFile()
#1 C:\xampp\htdocs\yii\framework\web\CController.php(782): SiteController->renderPartial()
#2 C:\xampp\htdocs\tutorial-yii\protected\controllers\SiteController.php(32): SiteController->render()
#3 C:\xampp\htdocs\yii\framework\web\actions\CInlineAction.php(49): SiteController->actionIndex()
#4 C:\xampp\htdocs\yii\framework\web\CController.php(308): CInlineAction->runWithParams()
#5 C:\xampp\htdocs\yii\framework\web\CController.php(286): SiteController->runAction()
#6 C:\xampp\htdocs\yii\framework\web\CController.php(265): SiteController->runActionWithFilters()
#7 C:\xampp\htdocs\yii\framework\web\CWebApplication.php(282): SiteController->run()
#8 C:\xampp\htdocs\yii\framework\web\CWebApplication.php(141): CWebApplication->runController()
#9 C:\xampp\htdocs\yii\framework\base\CApplication.php(185): CWebApplication->processRequest()
#10 C:\xampp\htdocs\tutorial-yii\index.php(13): CWebApplication->run()
REQUEST_URI=/tutorial-yii/index.php?r=site/index
in C:\xampp\htdocs\tutorial-yii\protected\views\site\index.php (9)
in C:\xampp\htdocs\tutorial-yii\protected\controllers\SiteController.php (32)
in C:\xampp\htdocs\tutorial-yii\index.php (13)
2021/08/19 01:44:28 [error] [php] Undefined variable: model (C:\xampp\htdocs\tutorial-yii\protected\views\site\index.php:8)
Stack trace:
#0 C:\xampp\htdocs\yii\framework\web\CController.php(869): SiteController->renderFile()
#1 C:\xampp\htdocs\yii\framework\web\CController.php(782): SiteController->renderPartial()
#2 C:\xampp\htdocs\tutorial-yii\protected\controllers\SiteController.php(34): SiteController->render()
#3 C:\xampp\htdocs\yii\framework\web\actions\CInlineAction.php(49): SiteController->actionIndex()
#4 C:\xampp\htdocs\yii\framework\web\CController.php(308): CInlineAction->runWithParams()
#5 C:\xampp\htdocs\yii\framework\web\CController.php(286): SiteController->runAction()
#6 C:\xampp\htdocs\yii\framework\web\CController.php(265): SiteController->runActionWithFilters()
#7 C:\xampp\htdocs\yii\framework\web\CWebApplication.php(282): SiteController->run()
#8 C:\xampp\htdocs\yii\framework\web\CWebApplication.php(141): CWebApplication->runController()
#9 C:\xampp\htdocs\yii\framework\base\CApplication.php(185): CWebApplication->processRequest()
#10 C:\xampp\htdocs\tutorial-yii\index.php(13): CWebApplication->run()
REQUEST_URI=/tutorial-yii/index.php?r=site/index
in C:\xampp\htdocs\tutorial-yii\protected\views\site\index.php (8)
in C:\xampp\htdocs\tutorial-yii\protected\controllers\SiteController.php (34)
in C:\xampp\htdocs\tutorial-yii\index.php (13)
2021/08/19 02:24:34 [error] [exception.CHttpException.404] exception 'CHttpException' with message 'The system is unable to find the requested action "pruebaVista".' in C:\xampp\htdocs\yii\framework\web\CController.php:483
Stack trace:
#0 C:\xampp\htdocs\yii\framework\web\CController.php(270): CController->missingAction('pruebaVista')
#1 C:\xampp\htdocs\yii\framework\web\CWebApplication.php(282): CController->run('pruebaVista')
#2 C:\xampp\htdocs\yii\framework\web\CWebApplication.php(141): CWebApplication->runController('site/pruebaVist...')
#3 C:\xampp\htdocs\yii\framework\base\CApplication.php(185): CWebApplication->processRequest()
#4 C:\xampp\htdocs\tutorial-yii\index.php(13): CApplication->run()
#5 {main}
REQUEST_URI=/tutorial-yii/index.php?r=site/pruebaVista
---
2021/08/20 23:37:35 [error] [php] require(metaInformacion/prueba.php): failed to open stream: No such file or directory (C:\xampp\htdocs\tutorial-yii\protected\views\site\pruebaVista.php:3)
Stack trace:
#0 C:\xampp\htdocs\yii\framework\web\CBaseController.php(95): SiteController->renderInternal()
#1 C:\xampp\htdocs\yii\framework\web\CController.php(869): SiteController->renderFile()
#2 C:\xampp\htdocs\yii\framework\web\CController.php(782): SiteController->renderPartial()
#3 C:\xampp\htdocs\tutorial-yii\protected\controllers\SiteController.php(133): SiteController->render()
#4 C:\xampp\htdocs\yii\framework\web\actions\CInlineAction.php(49): SiteController->actionPruebaVista()
#5 C:\xampp\htdocs\yii\framework\web\CController.php(308): CInlineAction->runWithParams()
#6 C:\xampp\htdocs\yii\framework\web\CController.php(286): SiteController->runAction()
#7 C:\xampp\htdocs\yii\framework\web\CController.php(265): SiteController->runActionWithFilters()
#8 C:\xampp\htdocs\yii\framework\web\CWebApplication.php(282): SiteController->run()
#9 C:\xampp\htdocs\yii\framework\web\CWebApplication.php(141): CWebApplication->runController()
#10 C:\xampp\htdocs\yii\framework\base\CApplication.php(185): CWebApplication->processRequest()
#11 C:\xampp\htdocs\tutorial-yii\index.php(13): CWebApplication->run()
REQUEST_URI=/tutorial-yii/index.php?r=site/pruebaVista
in C:\xampp\htdocs\tutorial-yii\protected\views\site\pruebaVista.php (3)
in C:\xampp\htdocs\tutorial-yii\protected\views\site\pruebaVista.php (3)
in C:\xampp\htdocs\tutorial-yii\protected\controllers\SiteController.php (133)
2021/08/20 23:37:39 [error] [php] require(metaInformacion/prueba.php): failed to open stream: No such file or directory (C:\xampp\htdocs\tutorial-yii\protected\views\site\pruebaVista.php:3)
Stack trace:
#0 C:\xampp\htdocs\yii\framework\web\CBaseController.php(95): SiteController->renderInternal()
#1 C:\xampp\htdocs\yii\framework\web\CController.php(869): SiteController->renderFile()
#2 C:\xampp\htdocs\yii\framework\web\CController.php(782): SiteController->renderPartial()
#3 C:\xampp\htdocs\tutorial-yii\protected\controllers\SiteController.php(133): SiteController->render()
#4 C:\xampp\htdocs\yii\framework\web\actions\CInlineAction.php(49): SiteController->actionPruebaVista()
#5 C:\xampp\htdocs\yii\framework\web\CController.php(308): CInlineAction->runWithParams()
#6 C:\xampp\htdocs\yii\framework\web\CController.php(286): SiteController->runAction()
#7 C:\xampp\htdocs\yii\framework\web\CController.php(265): SiteController->runActionWithFilters()
#8 C:\xampp\htdocs\yii\framework\web\CWebApplication.php(282): SiteController->run()
#9 C:\xampp\htdocs\yii\framework\web\CWebApplication.php(141): CWebApplication->runController()
#10 C:\xampp\htdocs\yii\framework\base\CApplication.php(185): CWebApplication->processRequest()
#11 C:\xampp\htdocs\tutorial-yii\index.php(13): CWebApplication->run()
REQUEST_URI=/tutorial-yii/index.php?r=site/pruebaVista
in C:\xampp\htdocs\tutorial-yii\protected\views\site\pruebaVista.php (3)
in C:\xampp\htdocs\tutorial-yii\protected\views\site\pruebaVista.php (3)
in C:\xampp\htdocs\tutorial-yii\protected\controllers\SiteController.php (133)
2021/08/21 00:44:02 [error] [exception.CHttpException.404] exception 'CHttpException' with message 'The requested view "articulo-1" was not found.' in C:\xampp\htdocs\yii\framework\web\actions\CViewAction.php:112
Stack trace:
#0 C:\xampp\htdocs\yii\framework\web\actions\CViewAction.php(123): CViewAction->resolveView('articulo-1')
#1 C:\xampp\htdocs\yii\framework\web\actions\CAction.php(76): CViewAction->run()
#2 C:\xampp\htdocs\yii\framework\web\CController.php(308): CAction->runWithParams(Array)
#3 C:\xampp\htdocs\yii\framework\web\CController.php(286): CController->runAction(Object(CViewAction))
#4 C:\xampp\htdocs\yii\framework\web\CController.php(265): CController->runActionWithFilters(Object(CViewAction), Array)
#5 C:\xampp\htdocs\yii\framework\web\CWebApplication.php(282): CController->run('page')
#6 C:\xampp\htdocs\yii\framework\web\CWebApplication.php(141): CWebApplication->runController('site/page')
#7 C:\xampp\htdocs\yii\framework\base\CApplication.php(185): CWebApplication->processRequest()
#8 C:\xampp\htdocs\tutorial-yii\index.php(13): CApplication->run()
#9 {main}
REQUEST_URI=/tutorial-yii/index.php?r=site/page&view=articulo-1
HTTP_REFERER=http://localhost/tutorial-yii/index.php?r=site/pruebaVista
---
2021/08/21 00:47:38 [error] [php] Creating default object from empty value (C:\xampp\htdocs\tutorial-yii\protected\views\site\pages\articulo-1.php:3)
Stack trace:
#0 C:\xampp\htdocs\yii\framework\web\CController.php(869): SiteController->renderFile()
#1 C:\xampp\htdocs\yii\framework\web\CController.php(782): SiteController->renderPartial()
#2 C:\xampp\htdocs\yii\framework\web\actions\CViewAction.php(140): SiteController->render()
#3 C:\xampp\htdocs\yii\framework\web\actions\CAction.php(76): CViewAction->run()
#4 C:\xampp\htdocs\yii\framework\web\CController.php(308): CViewAction->runWithParams()
#5 C:\xampp\htdocs\yii\framework\web\CController.php(286): SiteController->runAction()
#6 C:\xampp\htdocs\yii\framework\web\CController.php(265): SiteController->runActionWithFilters()
#7 C:\xampp\htdocs\yii\framework\web\CWebApplication.php(282): SiteController->run()
#8 C:\xampp\htdocs\yii\framework\web\CWebApplication.php(141): CWebApplication->runController()
#9 C:\xampp\htdocs\yii\framework\base\CApplication.php(185): CWebApplication->processRequest()
#10 C:\xampp\htdocs\tutorial-yii\index.php(13): CWebApplication->run()
REQUEST_URI=/tutorial-yii/index.php?r=site/page&view=articulo-1
in C:\xampp\htdocs\tutorial-yii\protected\views\site\pages\articulo-1.php (3)
in C:\xampp\htdocs\tutorial-yii\index.php (13)
2021/08/21 00:48:07 [error] [php] Creating default object from empty value (C:\xampp\htdocs\tutorial-yii\protected\views\site\pages\articulo-1.php:3)
Stack trace:
#0 C:\xampp\htdocs\yii\framework\web\CController.php(869): SiteController->renderFile()
#1 C:\xampp\htdocs\yii\framework\web\CController.php(782): SiteController->renderPartial()
#2 C:\xampp\htdocs\yii\framework\web\actions\CViewAction.php(140): SiteController->render()
#3 C:\xampp\htdocs\yii\framework\web\actions\CAction.php(76): CViewAction->run()
#4 C:\xampp\htdocs\yii\framework\web\CController.php(308): CViewAction->runWithParams()
#5 C:\xampp\htdocs\yii\framework\web\CController.php(286): SiteController->runAction()
#6 C:\xampp\htdocs\yii\framework\web\CController.php(265): SiteController->runActionWithFilters()
#7 C:\xampp\htdocs\yii\framework\web\CWebApplication.php(282): SiteController->run()
#8 C:\xampp\htdocs\yii\framework\web\CWebApplication.php(141): CWebApplication->runController()
#9 C:\xampp\htdocs\yii\framework\base\CApplication.php(185): CWebApplication->processRequest()
#10 C:\xampp\htdocs\tutorial-yii\index.php(13): CWebApplication->run()
REQUEST_URI=/tutorial-yii/index.php?r=site/page&view=articulo-1
in C:\xampp\htdocs\tutorial-yii\protected\views\site\pages\articulo-1.php (3)
in C:\xampp\htdocs\tutorial-yii\index.php (13)
2021/08/21 02:09:21 [error] [php] Undefined variable: form (C:\xampp\htdocs\tutorial-yii\protected\views\site\registro.php:20)
Stack trace:
#0 C:\xampp\htdocs\yii\framework\web\CController.php(869): SiteController->renderFile()
#1 C:\xampp\htdocs\yii\framework\web\CController.php(782): SiteController->renderPartial()
#2 C:\xampp\htdocs\tutorial-yii\protected\controllers\SiteController.php(142): SiteController->render()
#3 C:\xampp\htdocs\yii\framework\web\actions\CInlineAction.php(49): SiteController->actionRegistro()
#4 C:\xampp\htdocs\yii\framework\web\CController.php(308): CInlineAction->runWithParams()
#5 C:\xampp\htdocs\yii\framework\web\CController.php(286): SiteController->runAction()
#6 C:\xampp\htdocs\yii\framework\web\CController.php(265): SiteController->runActionWithFilters()
#7 C:\xampp\htdocs\yii\framework\web\CWebApplication.php(282): SiteController->run()
#8 C:\xampp\htdocs\yii\framework\web\CWebApplication.php(141): CWebApplication->runController()
#9 C:\xampp\htdocs\yii\framework\base\CApplication.php(185): CWebApplication->processRequest()
#10 C:\xampp\htdocs\tutorial-yii\index.php(13): CWebApplication->run()
REQUEST_URI=/tutorial-yii/index.php?r=site/registro
in C:\xampp\htdocs\tutorial-yii\protected\views\site\registro.php (20)
in C:\xampp\htdocs\tutorial-yii\protected\controllers\SiteController.php (142)
in C:\xampp\htdocs\tutorial-yii\index.php (13)
2021/08/21 02:10:04 [error] [php] Undefined variable: model (C:\xampp\htdocs\tutorial-yii\protected\views\site\registro.php:20)
Stack trace:
#0 C:\xampp\htdocs\yii\framework\web\CController.php(869): SiteController->renderFile()
#1 C:\xampp\htdocs\yii\framework\web\CController.php(782): SiteController->renderPartial()
#2 C:\xampp\htdocs\tutorial-yii\protected\controllers\SiteController.php(142): SiteController->render()
#3 C:\xampp\htdocs\yii\framework\web\actions\CInlineAction.php(49): SiteController->actionRegistro()
#4 C:\xampp\htdocs\yii\framework\web\CController.php(308): CInlineAction->runWithParams()
#5 C:\xampp\htdocs\yii\framework\web\CController.php(286): SiteController->runAction()
#6 C:\xampp\htdocs\yii\framework\web\CController.php(265): SiteController->runActionWithFilters()
#7 C:\xampp\htdocs\yii\framework\web\CWebApplication.php(282): SiteController->run()
#8 C:\xampp\htdocs\yii\framework\web\CWebApplication.php(141): CWebApplication->runController()
#9 C:\xampp\htdocs\yii\framework\base\CApplication.php(185): CWebApplication->processRequest()
#10 C:\xampp\htdocs\tutorial-yii\index.php(13): CWebApplication->run()
REQUEST_URI=/tutorial-yii/index.php?r=site/registro
in C:\xampp\htdocs\tutorial-yii\protected\views\site\registro.php (20)
in C:\xampp\htdocs\tutorial-yii\protected\controllers\SiteController.php (142)
in C:\xampp\htdocs\tutorial-yii\index.php (13)
2021/08/21 02:10:07 [error] [php] Undefined variable: model (C:\xampp\htdocs\tutorial-yii\protected\views\site\registro.php:20)
Stack trace:
#0 C:\xampp\htdocs\yii\framework\web\CController.php(869): SiteController->renderFile()
#1 C:\xampp\htdocs\yii\framework\web\CController.php(782): SiteController->renderPartial()
#2 C:\xampp\htdocs\tutorial-yii\protected\controllers\SiteController.php(142): SiteController->render()
#3 C:\xampp\htdocs\yii\framework\web\actions\CInlineAction.php(49): SiteController->actionRegistro()
#4 C:\xampp\htdocs\yii\framework\web\CController.php(308): CInlineAction->runWithParams()
#5 C:\xampp\htdocs\yii\framework\web\CController.php(286): SiteController->runAction()
#6 C:\xampp\htdocs\yii\framework\web\CController.php(265): SiteController->runActionWithFilters()
#7 C:\xampp\htdocs\yii\framework\web\CWebApplication.php(282): SiteController->run()
#8 C:\xampp\htdocs\yii\framework\web\CWebApplication.php(141): CWebApplication->runController()
#9 C:\xampp\htdocs\yii\framework\base\CApplication.php(185): CWebApplication->processRequest()
#10 C:\xampp\htdocs\tutorial-yii\index.php(13): CWebApplication->run()
REQUEST_URI=/tutorial-yii/index.php?r=site/registro
in C:\xampp\htdocs\tutorial-yii\protected\views\site\registro.php (20)
in C:\xampp\htdocs\tutorial-yii\protected\controllers\SiteController.php (142)
in C:\xampp\htdocs\tutorial-yii\index.php (13)
2021/08/21 05:17:56 [error] [php] include(require.php): failed to open stream: No such file or directory (C:\xampp\htdocs\yii\framework\YiiBase.php:432)
Stack trace:
#0 unknown(0): spl_autoload_call()
#1 C:\xampp\htdocs\yii\framework\YiiBase.php(303): class_exists()
#2 C:\xampp\htdocs\yii\framework\validators\CValidator.php(174): import()
#3 C:\xampp\htdocs\yii\framework\base\CModel.php(287): createValidator()
#4 C:\xampp\htdocs\yii\framework\base\CModel.php(260): ValidarRegistro->createValidators()
#5 C:\xampp\htdocs\yii\framework\base\CModel.php(304): ValidarRegistro->getValidators()
#6 C:\xampp\htdocs\yii\framework\web\helpers\CHtml.php(1514): ValidarRegistro->isAttributeRequired()
#7 C:\xampp\htdocs\yii\framework\web\widgets\CActiveForm.php(600): activeLabelEx()
#8 C:\xampp\htdocs\tutorial-yii\protected\views\site\registro.php(20): CActiveForm->labelEx()
#9 C:\xampp\htdocs\yii\framework\web\CBaseController.php(126): require()
#10 C:\xampp\htdocs\yii\framework\web\CBaseController.php(95): SiteController->renderInternal()
#11 C:\xampp\htdocs\yii\framework\web\CController.php(869): SiteController->renderFile()
#12 C:\xampp\htdocs\yii\framework\web\CController.php(782): SiteController->renderPartial()
#13 C:\xampp\htdocs\tutorial-yii\protected\controllers\SiteController.php(160): SiteController->render()
#14 C:\xampp\htdocs\yii\framework\web\actions\CInlineAction.php(49): SiteController->actionRegistro()
#15 C:\xampp\htdocs\yii\framework\web\CController.php(308): CInlineAction->runWithParams()
#16 C:\xampp\htdocs\yii\framework\web\CController.php(286): SiteController->runAction()
#17 C:\xampp\htdocs\yii\framework\web\CController.php(265): SiteController->runActionWithFilters()
#18 C:\xampp\htdocs\yii\framework\web\CWebApplication.php(282): SiteController->run()
#19 C:\xampp\htdocs\yii\framework\web\CWebApplication.php(141): CWebApplication->runController()
#20 C:\xampp\htdocs\yii\framework\base\CApplication.php(185): CWebApplication->processRequest()
#21 C:\xampp\htdocs\tutorial-yii\index.php(13): CWebApplication->run()
REQUEST_URI=/tutorial-yii/index.php?r=site/registro
in C:\xampp\htdocs\tutorial-yii\protected\views\site\registro.php (20)
in C:\xampp\htdocs\tutorial-yii\protected\controllers\SiteController.php (160)
in C:\xampp\htdocs\tutorial-yii\index.php (13)
2021/08/21 05:19:21 [error] [php] include(require.php): failed to open stream: No such file or directory (C:\xampp\htdocs\yii\framework\YiiBase.php:432)
Stack trace:
#0 unknown(0): spl_autoload_call()
#1 C:\xampp\htdocs\yii\framework\YiiBase.php(303): class_exists()
#2 C:\xampp\htdocs\yii\framework\validators\CValidator.php(174): import()
#3 C:\xampp\htdocs\yii\framework\base\CModel.php(287): createValidator()
#4 C:\xampp\htdocs\yii\framework\base\CModel.php(260): ValidarRegistro->createValidators()
#5 C:\xampp\htdocs\yii\framework\base\CModel.php(304): ValidarRegistro->getValidators()
#6 C:\xampp\htdocs\yii\framework\web\helpers\CHtml.php(1514): ValidarRegistro->isAttributeRequired()
#7 C:\xampp\htdocs\yii\framework\web\widgets\CActiveForm.php(600): activeLabelEx()
#8 C:\xampp\htdocs\tutorial-yii\protected\views\site\registro.php(20): CActiveForm->labelEx()
#9 C:\xampp\htdocs\yii\framework\web\CBaseController.php(126): require()
#10 C:\xampp\htdocs\yii\framework\web\CBaseController.php(95): SiteController->renderInternal()
#11 C:\xampp\htdocs\yii\framework\web\CController.php(869): SiteController->renderFile()
#12 C:\xampp\htdocs\yii\framework\web\CController.php(782): SiteController->renderPartial()
#13 C:\xampp\htdocs\tutorial-yii\protected\controllers\SiteController.php(160): SiteController->render()
#14 C:\xampp\htdocs\yii\framework\web\actions\CInlineAction.php(49): SiteController->actionRegistro()
#15 C:\xampp\htdocs\yii\framework\web\CController.php(308): CInlineAction->runWithParams()
#16 C:\xampp\htdocs\yii\framework\web\CController.php(286): SiteController->runAction()
#17 C:\xampp\htdocs\yii\framework\web\CController.php(265): SiteController->runActionWithFilters()
#18 C:\xampp\htdocs\yii\framework\web\CWebApplication.php(282): SiteController->run()
#19 C:\xampp\htdocs\yii\framework\web\CWebApplication.php(141): CWebApplication->runController()
#20 C:\xampp\htdocs\yii\framework\base\CApplication.php(185): CWebApplication->processRequest()
#21 C:\xampp\htdocs\tutorial-yii\index.php(13): CWebApplication->run()
REQUEST_URI=/tutorial-yii/index.php?r=site/registro
in C:\xampp\htdocs\tutorial-yii\protected\views\site\registro.php (20)
in C:\xampp\htdocs\tutorial-yii\protected\controllers\SiteController.php (160)
in C:\xampp\htdocs\tutorial-yii\index.php (13)
2021/08/21 05:24:39 [error] [php] include(require.php): failed to open stream: No such file or directory (C:\xampp\htdocs\yii\framework\YiiBase.php:432)
Stack trace:
#0 unknown(0): spl_autoload_call()
#1 C:\xampp\htdocs\yii\framework\YiiBase.php(303): class_exists()
#2 C:\xampp\htdocs\yii\framework\validators\CValidator.php(174): import()
#3 C:\xampp\htdocs\yii\framework\base\CModel.php(287): createValidator()
#4 C:\xampp\htdocs\yii\framework\base\CModel.php(260): ValidarRegistro->createValidators()
#5 C:\xampp\htdocs\yii\framework\base\CModel.php(304): ValidarRegistro->getValidators()
#6 C:\xampp\htdocs\yii\framework\web\helpers\CHtml.php(1514): ValidarRegistro->isAttributeRequired()
#7 C:\xampp\htdocs\yii\framework\web\widgets\CActiveForm.php(600): activeLabelEx()
#8 C:\xampp\htdocs\tutorial-yii\protected\views\site\registro.php(27): CActiveForm->labelEx()
#9 C:\xampp\htdocs\yii\framework\web\CBaseController.php(126): require()
#10 C:\xampp\htdocs\yii\framework\web\CBaseController.php(95): SiteController->renderInternal()
#11 C:\xampp\htdocs\yii\framework\web\CController.php(869): SiteController->renderFile()
#12 C:\xampp\htdocs\yii\framework\web\CController.php(782): SiteController->renderPartial()
#13 C:\xampp\htdocs\tutorial-yii\protected\controllers\SiteController.php(160): SiteController->render()
#14 C:\xampp\htdocs\yii\framework\web\actions\CInlineAction.php(49): SiteController->actionRegistro()
#15 C:\xampp\htdocs\yii\framework\web\CController.php(308): CInlineAction->runWithParams()
#16 C:\xampp\htdocs\yii\framework\web\CController.php(286): SiteController->runAction()
#17 C:\xampp\htdocs\yii\framework\web\CController.php(265): SiteController->runActionWithFilters()
#18 C:\xampp\htdocs\yii\framework\web\CWebApplication.php(282): SiteController->run()
#19 C:\xampp\htdocs\yii\framework\web\CWebApplication.php(141): CWebApplication->runController()
#20 C:\xampp\htdocs\yii\framework\base\CApplication.php(185): CWebApplication->processRequest()
#21 C:\xampp\htdocs\tutorial-yii\index.php(13): CWebApplication->run()
REQUEST_URI=/tutorial-yii/index.php?r=site/registro
in C:\xampp\htdocs\tutorial-yii\protected\views\site\registro.php (27)
in C:\xampp\htdocs\tutorial-yii\protected\controllers\SiteController.php (160)
in C:\xampp\htdocs\tutorial-yii\index.php (13)
2021/08/21 05:24:41 [error] [php] include(require.php): failed to open stream: No such file or directory (C:\xampp\htdocs\yii\framework\YiiBase.php:432)
Stack trace:
#0 unknown(0): spl_autoload_call()
#1 C:\xampp\htdocs\yii\framework\YiiBase.php(303): class_exists()
#2 C:\xampp\htdocs\yii\framework\validators\CValidator.php(174): import()
#3 C:\xampp\htdocs\yii\framework\base\CModel.php(287): createValidator()
#4 C:\xampp\htdocs\yii\framework\base\CModel.php(260): ValidarRegistro->createValidators()
#5 C:\xampp\htdocs\yii\framework\base\CModel.php(304): ValidarRegistro->getValidators()
#6 C:\xampp\htdocs\yii\framework\web\helpers\CHtml.php(1514): ValidarRegistro->isAttributeRequired()
#7 C:\xampp\htdocs\yii\framework\web\widgets\CActiveForm.php(600): activeLabelEx()
#8 C:\xampp\htdocs\tutorial-yii\protected\views\site\registro.php(27): CActiveForm->labelEx()
#9 C:\xampp\htdocs\yii\framework\web\CBaseController.php(126): require()
#10 C:\xampp\htdocs\yii\framework\web\CBaseController.php(95): SiteController->renderInternal()
#11 C:\xampp\htdocs\yii\framework\web\CController.php(869): SiteController->renderFile()
#12 C:\xampp\htdocs\yii\framework\web\CController.php(782): SiteController->renderPartial()
#13 C:\xampp\htdocs\tutorial-yii\protected\controllers\SiteController.php(160): SiteController->render()
#14 C:\xampp\htdocs\yii\framework\web\actions\CInlineAction.php(49): SiteController->actionRegistro()
#15 C:\xampp\htdocs\yii\framework\web\CController.php(308): CInlineAction->runWithParams()
#16 C:\xampp\htdocs\yii\framework\web\CController.php(286): SiteController->runAction()
#17 C:\xampp\htdocs\yii\framework\web\CController.php(265): SiteController->runActionWithFilters()
#18 C:\xampp\htdocs\yii\framework\web\CWebApplication.php(282): SiteController->run()
#19 C:\xampp\htdocs\yii\framework\web\CWebApplication.php(141): CWebApplication->runController()
#20 C:\xampp\htdocs\yii\framework\base\CApplication.php(185): CWebApplication->processRequest()
#21 C:\xampp\htdocs\tutorial-yii\index.php(13): CWebApplication->run()
REQUEST_URI=/tutorial-yii/index.php?r=site/registro
in C:\xampp\htdocs\tutorial-yii\protected\views\site\registro.php (27)
in C:\xampp\htdocs\tutorial-yii\protected\controllers\SiteController.php (160)
in C:\xampp\htdocs\tutorial-yii\index.php (13)
2021/08/21 05:27:37 [error] [php] include(require.php): failed to open stream: No such file or directory (C:\xampp\htdocs\yii\framework\YiiBase.php:432)
Stack trace:
#0 unknown(0): spl_autoload_call()
#1 C:\xampp\htdocs\yii\framework\YiiBase.php(303): class_exists()
#2 C:\xampp\htdocs\yii\framework\validators\CValidator.php(174): import()
#3 C:\xampp\htdocs\yii\framework\base\CModel.php(287): createValidator()
#4 C:\xampp\htdocs\yii\framework\base\CModel.php(260): ValidarRegistro->createValidators()
#5 C:\xampp\htdocs\yii\framework\base\CModel.php(304): ValidarRegistro->getValidators()
#6 C:\xampp\htdocs\yii\framework\web\helpers\CHtml.php(1514): ValidarRegistro->isAttributeRequired()
#7 C:\xampp\htdocs\yii\framework\web\widgets\CActiveForm.php(600): activeLabelEx()
#8 C:\xampp\htdocs\tutorial-yii\protected\views\site\registro.php(27): CActiveForm->labelEx()
#9 C:\xampp\htdocs\yii\framework\web\CBaseController.php(126): require()
#10 C:\xampp\htdocs\yii\framework\web\CBaseController.php(95): SiteController->renderInternal()
#11 C:\xampp\htdocs\yii\framework\web\CController.php(869): SiteController->renderFile()
#12 C:\xampp\htdocs\yii\framework\web\CController.php(782): SiteController->renderPartial()
#13 C:\xampp\htdocs\tutorial-yii\protected\controllers\SiteController.php(160): SiteController->render()
#14 C:\xampp\htdocs\yii\framework\web\actions\CInlineAction.php(49): SiteController->actionRegistro()
#15 C:\xampp\htdocs\yii\framework\web\CController.php(308): CInlineAction->runWithParams()
#16 C:\xampp\htdocs\yii\framework\web\CController.php(286): SiteController->runAction()
#17 C:\xampp\htdocs\yii\framework\web\CController.php(265): SiteController->runActionWithFilters()
#18 C:\xampp\htdocs\yii\framework\web\CWebApplication.php(282): SiteController->run()
#19 C:\xampp\htdocs\yii\framework\web\CWebApplication.php(141): CWebApplication->runController()
#20 C:\xampp\htdocs\yii\framework\base\CApplication.php(185): CWebApplication->processRequest()
#21 C:\xampp\htdocs\tutorial-yii\index.php(13): CWebApplication->run()
REQUEST_URI=/tutorial-yii/index.php?r=site/registro
in C:\xampp\htdocs\tutorial-yii\protected\views\site\registro.php (27)
in C:\xampp\htdocs\tutorial-yii\protected\controllers\SiteController.php (160)
in C:\xampp\htdocs\tutorial-yii\index.php (13)
2021/08/21 05:27:38 [error] [php] include(require.php): failed to open stream: No such file or directory (C:\xampp\htdocs\yii\framework\YiiBase.php:432)
Stack trace:
#0 unknown(0): spl_autoload_call()
#1 C:\xampp\htdocs\yii\framework\YiiBase.php(303): class_exists()
#2 C:\xampp\htdocs\yii\framework\validators\CValidator.php(174): import()
#3 C:\xampp\htdocs\yii\framework\base\CModel.php(287): createValidator()
#4 C:\xampp\htdocs\yii\framework\base\CModel.php(260): ValidarRegistro->createValidators()
#5 C:\xampp\htdocs\yii\framework\base\CModel.php(304): ValidarRegistro->getValidators()
#6 C:\xampp\htdocs\yii\framework\web\helpers\CHtml.php(1514): ValidarRegistro->isAttributeRequired()
#7 C:\xampp\htdocs\yii\framework\web\widgets\CActiveForm.php(600): activeLabelEx()
#8 C:\xampp\htdocs\tutorial-yii\protected\views\site\registro.php(27): CActiveForm->labelEx()
#9 C:\xampp\htdocs\yii\framework\web\CBaseController.php(126): require()
#10 C:\xampp\htdocs\yii\framework\web\CBaseController.php(95): SiteController->renderInternal()
#11 C:\xampp\htdocs\yii\framework\web\CController.php(869): SiteController->renderFile()
#12 C:\xampp\htdocs\yii\framework\web\CController.php(782): SiteController->renderPartial()
#13 C:\xampp\htdocs\tutorial-yii\protected\controllers\SiteController.php(160): SiteController->render()
#14 C:\xampp\htdocs\yii\framework\web\actions\CInlineAction.php(49): SiteController->actionRegistro()
#15 C:\xampp\htdocs\yii\framework\web\CController.php(308): CInlineAction->runWithParams()
#16 C:\xampp\htdocs\yii\framework\web\CController.php(286): SiteController->runAction()
#17 C:\xampp\htdocs\yii\framework\web\CController.php(265): SiteController->runActionWithFilters()
#18 C:\xampp\htdocs\yii\framework\web\CWebApplication.php(282): SiteController->run()
#19 C:\xampp\htdocs\yii\framework\web\CWebApplication.php(141): CWebApplication->runController()
#20 C:\xampp\htdocs\yii\framework\base\CApplication.php(185): CWebApplication->processRequest()
#21 C:\xampp\htdocs\tutorial-yii\index.php(13): CWebApplication->run()
REQUEST_URI=/tutorial-yii/index.php?r=site/registro
in C:\xampp\htdocs\tutorial-yii\protected\views\site\registro.php (27)
in C:\xampp\htdocs\tutorial-yii\protected\controllers\SiteController.php (160)
in C:\xampp\htdocs\tutorial-yii\index.php (13)
2021/08/21 05:27:40 [error] [php] include(require.php): failed to open stream: No such file or directory (C:\xampp\htdocs\yii\framework\YiiBase.php:432)
Stack trace:
#0 unknown(0): spl_autoload_call()
#1 C:\xampp\htdocs\yii\framework\YiiBase.php(303): class_exists()
#2 C:\xampp\htdocs\yii\framework\validators\CValidator.php(174): import()
#3 C:\xampp\htdocs\yii\framework\base\CModel.php(287): createValidator()
#4 C:\xampp\htdocs\yii\framework\base\CModel.php(260): ValidarRegistro->createValidators()
#5 C:\xampp\htdocs\yii\framework\base\CModel.php(304): ValidarRegistro->getValidators()
#6 C:\xampp\htdocs\yii\framework\web\helpers\CHtml.php(1514): ValidarRegistro->isAttributeRequired()
#7 C:\xampp\htdocs\yii\framework\web\widgets\CActiveForm.php(600): activeLabelEx()
#8 C:\xampp\htdocs\tutorial-yii\protected\views\site\registro.php(27): CActiveForm->labelEx()
#9 C:\xampp\htdocs\yii\framework\web\CBaseController.php(126): require()
#10 C:\xampp\htdocs\yii\framework\web\CBaseController.php(95): SiteController->renderInternal()
#11 C:\xampp\htdocs\yii\framework\web\CController.php(869): SiteController->renderFile()
#12 C:\xampp\htdocs\yii\framework\web\CController.php(782): SiteController->renderPartial()
#13 C:\xampp\htdocs\tutorial-yii\protected\controllers\SiteController.php(160): SiteController->render()
#14 C:\xampp\htdocs\yii\framework\web\actions\CInlineAction.php(49): SiteController->actionRegistro()
#15 C:\xampp\htdocs\yii\framework\web\CController.php(308): CInlineAction->runWithParams()
#16 C:\xampp\htdocs\yii\framework\web\CController.php(286): SiteController->runAction()
#17 C:\xampp\htdocs\yii\framework\web\CController.php(265): SiteController->runActionWithFilters()
#18 C:\xampp\htdocs\yii\framework\web\CWebApplication.php(282): SiteController->run()
#19 C:\xampp\htdocs\yii\framework\web\CWebApplication.php(141): CWebApplication->runController()
#20 C:\xampp\htdocs\yii\framework\base\CApplication.php(185): CWebApplication->processRequest()
#21 C:\xampp\htdocs\tutorial-yii\index.php(13): CWebApplication->run()
REQUEST_URI=/tutorial-yii/index.php?r=site/registro
in C:\xampp\htdocs\tutorial-yii\protected\views\site\registro.php (27)
in C:\xampp\htdocs\tutorial-yii\protected\controllers\SiteController.php (160)
in C:\xampp\htdocs\tutorial-yii\index.php (13)
2021/08/21 05:27:58 [error] [php] include(require.php): failed to open stream: No such file or directory (C:\xampp\htdocs\yii\framework\YiiBase.php:432)
Stack trace:
#0 unknown(0): spl_autoload_call()
#1 C:\xampp\htdocs\yii\framework\YiiBase.php(303): class_exists()
#2 C:\xampp\htdocs\yii\framework\validators\CValidator.php(174): import()
#3 C:\xampp\htdocs\yii\framework\base\CModel.php(287): createValidator()
#4 C:\xampp\htdocs\yii\framework\base\CModel.php(260): ValidarRegistro->createValidators()
#5 C:\xampp\htdocs\yii\framework\base\CModel.php(304): ValidarRegistro->getValidators()
#6 C:\xampp\htdocs\yii\framework\web\helpers\CHtml.php(1514): ValidarRegistro->isAttributeRequired()
#7 C:\xampp\htdocs\yii\framework\web\widgets\CActiveForm.php(600): activeLabelEx()
#8 C:\xampp\htdocs\tutorial-yii\protected\views\site\registro.php(27): CActiveForm->labelEx()
#9 C:\xampp\htdocs\yii\framework\web\CBaseController.php(126): require()
#10 C:\xampp\htdocs\yii\framework\web\CBaseController.php(95): SiteController->renderInternal()
#11 C:\xampp\htdocs\yii\framework\web\CController.php(869): SiteController->renderFile()
#12 C:\xampp\htdocs\yii\framework\web\CController.php(782): SiteController->renderPartial()
#13 C:\xampp\htdocs\tutorial-yii\protected\controllers\SiteController.php(160): SiteController->render()
#14 C:\xampp\htdocs\yii\framework\web\actions\CInlineAction.php(49): SiteController->actionRegistro()
#15 C:\xampp\htdocs\yii\framework\web\CController.php(308): CInlineAction->runWithParams()
#16 C:\xampp\htdocs\yii\framework\web\CController.php(286): SiteController->runAction()
#17 C:\xampp\htdocs\yii\framework\web\CController.php(265): SiteController->runActionWithFilters()
#18 C:\xampp\htdocs\yii\framework\web\CWebApplication.php(282): SiteController->run()
#19 C:\xampp\htdocs\yii\framework\web\CWebApplication.php(141): CWebApplication->runController()
#20 C:\xampp\htdocs\yii\framework\base\CApplication.php(185): CWebApplication->processRequest()
#21 C:\xampp\htdocs\tutorial-yii\index.php(13): CWebApplication->run()
REQUEST_URI=/tutorial-yii/index.php?r=site/registro
in C:\xampp\htdocs\tutorial-yii\protected\views\site\registro.php (27)
in C:\xampp\htdocs\tutorial-yii\protected\controllers\SiteController.php (160)
in C:\xampp\htdocs\tutorial-yii\index.php (13)
2021/08/21 05:33:15 [error] [php] include(require.php): failed to open stream: No such file or directory (C:\xampp\htdocs\yii\framework\YiiBase.php:432)
Stack trace:
#0 unknown(0): spl_autoload_call()
#1 C:\xampp\htdocs\yii\framework\YiiBase.php(303): class_exists()
#2 C:\xampp\htdocs\yii\framework\validators\CValidator.php(174): import()
#3 C:\xampp\htdocs\yii\framework\base\CModel.php(287): createValidator()
#4 C:\xampp\htdocs\yii\framework\base\CModel.php(260): ValidarRegistro->createValidators()
#5 C:\xampp\htdocs\yii\framework\base\CModel.php(304): ValidarRegistro->getValidators()
#6 C:\xampp\htdocs\yii\framework\web\helpers\CHtml.php(1514): ValidarRegistro->isAttributeRequired()
#7 C:\xampp\htdocs\yii\framework\web\widgets\CActiveForm.php(600): activeLabelEx()
#8 C:\xampp\htdocs\tutorial-yii\protected\views\site\registro.php(27): CActiveForm->labelEx()
#9 C:\xampp\htdocs\yii\framework\web\CBaseController.php(126): require()
#10 C:\xampp\htdocs\yii\framework\web\CBaseController.php(95): SiteController->renderInternal()
#11 C:\xampp\htdocs\yii\framework\web\CController.php(869): SiteController->renderFile()
#12 C:\xampp\htdocs\yii\framework\web\CController.php(782): SiteController->renderPartial()
#13 C:\xampp\htdocs\tutorial-yii\protected\controllers\SiteController.php(160): SiteController->render()
#14 C:\xampp\htdocs\yii\framework\web\actions\CInlineAction.php(49): SiteController->actionRegistro()
#15 C:\xampp\htdocs\yii\framework\web\CController.php(308): CInlineAction->runWithParams()
#16 C:\xampp\htdocs\yii\framework\web\CController.php(286): SiteController->runAction()
#17 C:\xampp\htdocs\yii\framework\web\CController.php(265): SiteController->runActionWithFilters()
#18 C:\xampp\htdocs\yii\framework\web\CWebApplication.php(282): SiteController->run()
#19 C:\xampp\htdocs\yii\framework\web\CWebApplication.php(141): CWebApplication->runController()
#20 C:\xampp\htdocs\yii\framework\base\CApplication.php(185): CWebApplication->processRequest()
#21 C:\xampp\htdocs\tutorial-yii\index.php(13): CWebApplication->run()
REQUEST_URI=/tutorial-yii/index.php?r=site/registro
in C:\xampp\htdocs\tutorial-yii\protected\views\site\registro.php (27)
in C:\xampp\htdocs\tutorial-yii\protected\controllers\SiteController.php (160)
in C:\xampp\htdocs\tutorial-yii\index.php (13)
2021/08/21 05:33:16 [error] [php] include(require.php): failed to open stream: No such file or directory (C:\xampp\htdocs\yii\framework\YiiBase.php:432)
Stack trace:
#0 unknown(0): spl_autoload_call()
#1 C:\xampp\htdocs\yii\framework\YiiBase.php(303): class_exists()
#2 C:\xampp\htdocs\yii\framework\validators\CValidator.php(174): import()
#3 C:\xampp\htdocs\yii\framework\base\CModel.php(287): createValidator()
#4 C:\xampp\htdocs\yii\framework\base\CModel.php(260): ValidarRegistro->createValidators()
#5 C:\xampp\htdocs\yii\framework\base\CModel.php(304): ValidarRegistro->getValidators()
#6 C:\xampp\htdocs\yii\framework\web\helpers\CHtml.php(1514): ValidarRegistro->isAttributeRequired()
#7 C:\xampp\htdocs\yii\framework\web\widgets\CActiveForm.php(600): activeLabelEx()
#8 C:\xampp\htdocs\tutorial-yii\protected\views\site\registro.php(27): CActiveForm->labelEx()
#9 C:\xampp\htdocs\yii\framework\web\CBaseController.php(126): require()
#10 C:\xampp\htdocs\yii\framework\web\CBaseController.php(95): SiteController->renderInternal()
#11 C:\xampp\htdocs\yii\framework\web\CController.php(869): SiteController->renderFile()
#12 C:\xampp\htdocs\yii\framework\web\CController.php(782): SiteController->renderPartial()
#13 C:\xampp\htdocs\tutorial-yii\protected\controllers\SiteController.php(160): SiteController->render()
#14 C:\xampp\htdocs\yii\framework\web\actions\CInlineAction.php(49): SiteController->actionRegistro()
#15 C:\xampp\htdocs\yii\framework\web\CController.php(308): CInlineAction->runWithParams()
#16 C:\xampp\htdocs\yii\framework\web\CController.php(286): SiteController->runAction()
#17 C:\xampp\htdocs\yii\framework\web\CController.php(265): SiteController->runActionWithFilters()
#18 C:\xampp\htdocs\yii\framework\web\CWebApplication.php(282): SiteController->run()
#19 C:\xampp\htdocs\yii\framework\web\CWebApplication.php(141): CWebApplication->runController()
#20 C:\xampp\htdocs\yii\framework\base\CApplication.php(185): CWebApplication->processRequest()
#21 C:\xampp\htdocs\tutorial-yii\index.php(13): CWebApplication->run()
REQUEST_URI=/tutorial-yii/index.php?r=site/registro
in C:\xampp\htdocs\tutorial-yii\protected\views\site\registro.php (27)
in C:\xampp\htdocs\tutorial-yii\protected\controllers\SiteController.php (160)
in C:\xampp\htdocs\tutorial-yii\index.php (13)
2021/08/21 05:36:58 [error] [php] include(require.php): failed to open stream: No such file or directory (C:\xampp\htdocs\yii\framework\YiiBase.php:432)
Stack trace:
#0 unknown(0): spl_autoload_call()
#1 C:\xampp\htdocs\yii\framework\YiiBase.php(303): class_exists()
#2 C:\xampp\htdocs\yii\framework\validators\CValidator.php(174): import()
#3 C:\xampp\htdocs\yii\framework\base\CModel.php(287): createValidator()
#4 C:\xampp\htdocs\yii\framework\base\CModel.php(260): ValidarRegistro->createValidators()
#5 C:\xampp\htdocs\yii\framework\base\CModel.php(304): ValidarRegistro->getValidators()
#6 C:\xampp\htdocs\yii\framework\web\helpers\CHtml.php(1514): ValidarRegistro->isAttributeRequired()
#7 C:\xampp\htdocs\yii\framework\web\widgets\CActiveForm.php(600): activeLabelEx()
#8 C:\xampp\htdocs\tutorial-yii\protected\views\site\registro.php(27): CActiveForm->labelEx()
#9 C:\xampp\htdocs\yii\framework\web\CBaseController.php(126): require()
#10 C:\xampp\htdocs\yii\framework\web\CBaseController.php(95): SiteController->renderInternal()
#11 C:\xampp\htdocs\yii\framework\web\CController.php(869): SiteController->renderFile()
#12 C:\xampp\htdocs\yii\framework\web\CController.php(782): SiteController->renderPartial()
#13 C:\xampp\htdocs\tutorial-yii\protected\controllers\SiteController.php(160): SiteController->render()
#14 C:\xampp\htdocs\yii\framework\web\actions\CInlineAction.php(49): SiteController->actionRegistro()
#15 C:\xampp\htdocs\yii\framework\web\CController.php(308): CInlineAction->runWithParams()
#16 C:\xampp\htdocs\yii\framework\web\CController.php(286): SiteController->runAction()
#17 C:\xampp\htdocs\yii\framework\web\CController.php(265): SiteController->runActionWithFilters()
#18 C:\xampp\htdocs\yii\framework\web\CWebApplication.php(282): SiteController->run()
#19 C:\xampp\htdocs\yii\framework\web\CWebApplication.php(141): CWebApplication->runController()
#20 C:\xampp\htdocs\yii\framework\base\CApplication.php(185): CWebApplication->processRequest()
#21 C:\xampp\htdocs\tutorial-yii\index.php(13): CWebApplication->run()
REQUEST_URI=/tutorial-yii/index.php?r=site/registro
in C:\xampp\htdocs\tutorial-yii\protected\views\site\registro.php (27)
in C:\xampp\htdocs\tutorial-yii\protected\controllers\SiteController.php (160)
in C:\xampp\htdocs\tutorial-yii\index.php (13)
2021/08/21 05:36:59 [error] [php] include(require.php): failed to open stream: No such file or directory (C:\xampp\htdocs\yii\framework\YiiBase.php:432)
Stack trace:
#0 unknown(0): spl_autoload_call()
#1 C:\xampp\htdocs\yii\framework\YiiBase.php(303): class_exists()
#2 C:\xampp\htdocs\yii\framework\validators\CValidator.php(174): import()
#3 C:\xampp\htdocs\yii\framework\base\CModel.php(287): createValidator()
#4 C:\xampp\htdocs\yii\framework\base\CModel.php(260): ValidarRegistro->createValidators()
#5 C:\xampp\htdocs\yii\framework\base\CModel.php(304): ValidarRegistro->getValidators()
#6 C:\xampp\htdocs\yii\framework\web\helpers\CHtml.php(1514): ValidarRegistro->isAttributeRequired()
#7 C:\xampp\htdocs\yii\framework\web\widgets\CActiveForm.php(600): activeLabelEx()
#8 C:\xampp\htdocs\tutorial-yii\protected\views\site\registro.php(27): CActiveForm->labelEx()
#9 C:\xampp\htdocs\yii\framework\web\CBaseController.php(126): require()
#10 C:\xampp\htdocs\yii\framework\web\CBaseController.php(95): SiteController->renderInternal()
#11 C:\xampp\htdocs\yii\framework\web\CController.php(869): SiteController->renderFile()
#12 C:\xampp\htdocs\yii\framework\web\CController.php(782): SiteController->renderPartial()
#13 C:\xampp\htdocs\tutorial-yii\protected\controllers\SiteController.php(160): SiteController->render()
#14 C:\xampp\htdocs\yii\framework\web\actions\CInlineAction.php(49): SiteController->actionRegistro()
#15 C:\xampp\htdocs\yii\framework\web\CController.php(308): CInlineAction->runWithParams()
#16 C:\xampp\htdocs\yii\framework\web\CController.php(286): SiteController->runAction()
#17 C:\xampp\htdocs\yii\framework\web\CController.php(265): SiteController->runActionWithFilters()
#18 C:\xampp\htdocs\yii\framework\web\CWebApplication.php(282): SiteController->run()
#19 C:\xampp\htdocs\yii\framework\web\CWebApplication.php(141): CWebApplication->runController()
#20 C:\xampp\htdocs\yii\framework\base\CApplication.php(185): CWebApplication->processRequest()
#21 C:\xampp\htdocs\tutorial-yii\index.php(13): CWebApplication->run()
REQUEST_URI=/tutorial-yii/index.php?r=site/registro
in C:\xampp\htdocs\tutorial-yii\protected\views\site\registro.php (27)
in C:\xampp\htdocs\tutorial-yii\protected\controllers\SiteController.php (160)
in C:\xampp\htdocs\tutorial-yii\index.php (13)
2021/08/21 05:42:43 [error] [php] include(require.php): failed to open stream: No such file or directory (C:\xampp\htdocs\yii\framework\YiiBase.php:432)
Stack trace:
#0 unknown(0): spl_autoload_call()
#1 C:\xampp\htdocs\yii\framework\YiiBase.php(303): class_exists()
#2 C:\xampp\htdocs\yii\framework\validators\CValidator.php(174): import()
#3 C:\xampp\htdocs\yii\framework\base\CModel.php(287): createValidator()
#4 C:\xampp\htdocs\yii\framework\base\CModel.php(260): ValidarRegistro->createValidators()
#5 C:\xampp\htdocs\yii\framework\base\CModel.php(304): ValidarRegistro->getValidators()
#6 C:\xampp\htdocs\yii\framework\web\helpers\CHtml.php(1514): ValidarRegistro->isAttributeRequired()
#7 C:\xampp\htdocs\yii\framework\web\widgets\CActiveForm.php(600): activeLabelEx()
#8 C:\xampp\htdocs\tutorial-yii\protected\views\site\registro.php(27): CActiveForm->labelEx()
#9 C:\xampp\htdocs\yii\framework\web\CBaseController.php(126): require()
#10 C:\xampp\htdocs\yii\framework\web\CBaseController.php(95): SiteController->renderInternal()
#11 C:\xampp\htdocs\yii\framework\web\CController.php(869): SiteController->renderFile()
#12 C:\xampp\htdocs\yii\framework\web\CController.php(782): SiteController->renderPartial()
#13 C:\xampp\htdocs\tutorial-yii\protected\controllers\SiteController.php(160): SiteController->render()
#14 C:\xampp\htdocs\yii\framework\web\actions\CInlineAction.php(49): SiteController->actionRegistro()
#15 C:\xampp\htdocs\yii\framework\web\CController.php(308): CInlineAction->runWithParams()
#16 C:\xampp\htdocs\yii\framework\web\CController.php(286): SiteController->runAction()
#17 C:\xampp\htdocs\yii\framework\web\CController.php(265): SiteController->runActionWithFilters()
#18 C:\xampp\htdocs\yii\framework\web\CWebApplication.php(282): SiteController->run()
#19 C:\xampp\htdocs\yii\framework\web\CWebApplication.php(141): CWebApplication->runController()
#20 C:\xampp\htdocs\yii\framework\base\CApplication.php(185): CWebApplication->processRequest()
#21 C:\xampp\htdocs\tutorial-yii\index.php(13): CWebApplication->run()
REQUEST_URI=/tutorial-yii/index.php?r=site/registro
in C:\xampp\htdocs\tutorial-yii\protected\views\site\registro.php (27)
in C:\xampp\htdocs\tutorial-yii\protected\controllers\SiteController.php (160)
in C:\xampp\htdocs\tutorial-yii\index.php (13)
2021/08/21 05:44:50 [error] [php] include(require.php): failed to open stream: No such file or directory (C:\xampp\htdocs\yii\framework\YiiBase.php:432)
Stack trace:
#0 unknown(0): spl_autoload_call()
#1 C:\xampp\htdocs\yii\framework\YiiBase.php(303): class_exists()
#2 C:\xampp\htdocs\yii\framework\validators\CValidator.php(174): import()
#3 C:\xampp\htdocs\yii\framework\base\CModel.php(287): createValidator()
#4 C:\xampp\htdocs\yii\framework\base\CModel.php(260): ValidarRegistro->createValidators()
#5 C:\xampp\htdocs\yii\framework\base\CModel.php(304): ValidarRegistro->getValidators()
#6 C:\xampp\htdocs\yii\framework\web\helpers\CHtml.php(1514): ValidarRegistro->isAttributeRequired()
#7 C:\xampp\htdocs\yii\framework\web\widgets\CActiveForm.php(600): activeLabelEx()
#8 C:\xampp\htdocs\tutorial-yii\protected\views\site\registro.php(27): CActiveForm->labelEx()
#9 C:\xampp\htdocs\yii\framework\web\CBaseController.php(126): require()
#10 C:\xampp\htdocs\yii\framework\web\CBaseController.php(95): SiteController->renderInternal()
#11 C:\xampp\htdocs\yii\framework\web\CController.php(869): SiteController->renderFile()
#12 C:\xampp\htdocs\yii\framework\web\CController.php(782): SiteController->renderPartial()
#13 C:\xampp\htdocs\tutorial-yii\protected\controllers\SiteController.php(160): SiteController->render()
#14 C:\xampp\htdocs\yii\framework\web\actions\CInlineAction.php(49): SiteController->actionRegistro()
#15 C:\xampp\htdocs\yii\framework\web\CController.php(308): CInlineAction->runWithParams()
#16 C:\xampp\htdocs\yii\framework\web\CController.php(286): SiteController->runAction()
#17 C:\xampp\htdocs\yii\framework\web\CController.php(265): SiteController->runActionWithFilters()
#18 C:\xampp\htdocs\yii\framework\web\CWebApplication.php(282): SiteController->run()
#19 C:\xampp\htdocs\yii\framework\web\CWebApplication.php(141): CWebApplication->runController()
#20 C:\xampp\htdocs\yii\framework\base\CApplication.php(185): CWebApplication->processRequest()
#21 C:\xampp\htdocs\tutorial-yii\index.php(13): CWebApplication->run()
REQUEST_URI=/tutorial-yii/index.php?r=site/registro
in C:\xampp\htdocs\tutorial-yii\protected\views\site\registro.php (27)
in C:\xampp\htdocs\tutorial-yii\protected\controllers\SiteController.php (160)
in C:\xampp\htdocs\tutorial-yii\index.php (13)
2021/08/21 05:48:50 [error] [php] require(require.php): failed to open stream: No such file or directory (C:\xampp\htdocs\yii\framework\YiiBase.php:432)
Stack trace:
#0 unknown(0): spl_autoload_call()
#1 C:\xampp\htdocs\yii\framework\YiiBase.php(303): class_exists()
#2 C:\xampp\htdocs\yii\framework\validators\CValidator.php(174): import()
#3 C:\xampp\htdocs\yii\framework\base\CModel.php(287): createValidator()
#4 C:\xampp\htdocs\yii\framework\base\CModel.php(260): ValidarRegistro->createValidators()
#5 C:\xampp\htdocs\yii\framework\base\CModel.php(304): ValidarRegistro->getValidators()
#6 C:\xampp\htdocs\yii\framework\web\helpers\CHtml.php(1514): ValidarRegistro->isAttributeRequired()
#7 C:\xampp\htdocs\yii\framework\web\widgets\CActiveForm.php(600): activeLabelEx()
#8 C:\xampp\htdocs\tutorial-yii\protected\views\site\registro.php(27): CActiveForm->labelEx()
#9 C:\xampp\htdocs\yii\framework\web\CBaseController.php(126): require()
#10 C:\xampp\htdocs\yii\framework\web\CBaseController.php(95): SiteController->renderInternal()
#11 C:\xampp\htdocs\yii\framework\web\CController.php(869): SiteController->renderFile()
#12 C:\xampp\htdocs\yii\framework\web\CController.php(782): SiteController->renderPartial()
#13 C:\xampp\htdocs\tutorial-yii\protected\controllers\SiteController.php(160): SiteController->render()
#14 C:\xampp\htdocs\yii\framework\web\actions\CInlineAction.php(49): SiteController->actionRegistro()
#15 C:\xampp\htdocs\yii\framework\web\CController.php(308): CInlineAction->runWithParams()
#16 C:\xampp\htdocs\yii\framework\web\CController.php(286): SiteController->runAction()
#17 C:\xampp\htdocs\yii\framework\web\CController.php(265): SiteController->runActionWithFilters()
#18 C:\xampp\htdocs\yii\framework\web\CWebApplication.php(282): SiteController->run()
#19 C:\xampp\htdocs\yii\framework\web\CWebApplication.php(141): CWebApplication->runController()
#20 C:\xampp\htdocs\yii\framework\base\CApplication.php(185): CWebApplication->processRequest()
#21 C:\xampp\htdocs\tutorial-yii\index.php(13): CWebApplication->run()
REQUEST_URI=/tutorial-yii/index.php?r=site/registro
in C:\xampp\htdocs\tutorial-yii\protected\views\site\registro.php (27)
in C:\xampp\htdocs\tutorial-yii\protected\controllers\SiteController.php (160)
in C:\xampp\htdocs\tutorial-yii\index.php (13)
2021/08/21 05:49:11 [error] [php] include(require.php): failed to open stream: No such file or directory (C:\xampp\htdocs\yii\framework\YiiBase.php:432)
Stack trace:
#0 unknown(0): spl_autoload_call()
#1 C:\xampp\htdocs\yii\framework\YiiBase.php(303): class_exists()
#2 C:\xampp\htdocs\yii\framework\validators\CValidator.php(174): import()
#3 C:\xampp\htdocs\yii\framework\base\CModel.php(287): createValidator()
#4 C:\xampp\htdocs\yii\framework\base\CModel.php(260): ValidarRegistro->createValidators()
#5 C:\xampp\htdocs\yii\framework\base\CModel.php(304): ValidarRegistro->getValidators()
#6 C:\xampp\htdocs\yii\framework\web\helpers\CHtml.php(1514): ValidarRegistro->isAttributeRequired()
#7 C:\xampp\htdocs\yii\framework\web\widgets\CActiveForm.php(600): activeLabelEx()
#8 C:\xampp\htdocs\tutorial-yii\protected\views\site\registro.php(27): CActiveForm->labelEx()
#9 C:\xampp\htdocs\yii\framework\web\CBaseController.php(126): require()
#10 C:\xampp\htdocs\yii\framework\web\CBaseController.php(95): SiteController->renderInternal()
#11 C:\xampp\htdocs\yii\framework\web\CController.php(869): SiteController->renderFile()
#12 C:\xampp\htdocs\yii\framework\web\CController.php(782): SiteController->renderPartial()
#13 C:\xampp\htdocs\tutorial-yii\protected\controllers\SiteController.php(160): SiteController->render()
#14 C:\xampp\htdocs\yii\framework\web\actions\CInlineAction.php(49): SiteController->actionRegistro()
#15 C:\xampp\htdocs\yii\framework\web\CController.php(308): CInlineAction->runWithParams()
#16 C:\xampp\htdocs\yii\framework\web\CController.php(286): SiteController->runAction()
#17 C:\xampp\htdocs\yii\framework\web\CController.php(265): SiteController->runActionWithFilters()
#18 C:\xampp\htdocs\yii\framework\web\CWebApplication.php(282): SiteController->run()
#19 C:\xampp\htdocs\yii\framework\web\CWebApplication.php(141): CWebApplication->runController()
#20 C:\xampp\htdocs\yii\framework\base\CApplication.php(185): CWebApplication->processRequest()
#21 C:\xampp\htdocs\tutorial-yii\index.php(13): CWebApplication->run()
REQUEST_URI=/tutorial-yii/index.php?r=site/registro
in C:\xampp\htdocs\tutorial-yii\protected\views\site\registro.php (27)
in C:\xampp\htdocs\tutorial-yii\protected\controllers\SiteController.php (160)
in C:\xampp\htdocs\tutorial-yii\index.php (13)
